N-BackVR/Library/Bee/Android/Prj/IL2CPP/Gradle/launcher/build/intermediates/manifest_merge_blame_file/release/manifest-merger-blame-release-report.txt
1<?xml version="1.0" encoding="utf-8"?>
2<manifest xmlns:android="http://schemas.android.com/apk/res/android"
3    package="com.KU.NBackVR_2Blocks"
4    android:installLocation="auto"
5    android:versionCode="1"
6    android:versionName="0.1" >
7
8    <uses-sdk
9        android:minSdkVersion="23"
9-->src\main\AndroidManifest.xml
10        android:targetSdkVersion="30" />
10-->src\main\AndroidManifest.xml
11
12    <supports-screens
12-->src\main\AndroidManifest.xml:3:3-163
13        android:anyDensity="true"
13-->src\main\AndroidManifest.xml:3:135-160
14        android:largeScreens="true"
14-->src\main\AndroidManifest.xml:3:78-105
15        android:normalScreens="true"
15-->src\main\AndroidManifest.xml:3:49-77
16        android:smallScreens="true"
16-->src\main\AndroidManifest.xml:3:21-48
17        android:xlargeScreens="true" />
17-->src\main\AndroidManifest.xml:3:106-134
18
19    <uses-feature android:glEsVersion="0x00030000" />
19-->[:unityLibrary] AndroidManifest.xml:13:5-54
19-->[:unityLibrary] AndroidManifest.xml:13:19-51
20    <uses-feature
20-->[:unityLibrary] AndroidManifest.xml:14:5-16:36
21        android:name="android.hardware.vulkan.version"
21-->[:unityLibrary] AndroidManifest.xml:15:9-55
22        android:required="false" />
22-->[:unityLibrary] AndroidManifest.xml:16:9-33
23
24    <uses-permission android:name="android.permission.INTERNET" />
24-->[:unityLibrary] AndroidManifest.xml:18:5-67
24-->[:unityLibrary] AndroidManifest.xml:18:22-64
25    <uses-permission android:name="android.permission.RECORD_AUDIO" />
25-->[:unityLibrary] AndroidManifest.xml:19:5-71
25-->[:unityLibrary] AndroidManifest.xml:19:22-68
26    <uses-permission android:name="android.permission.MODIFY_AUDIO_SETTINGS" />
26-->[:unityLibrary] AndroidManifest.xml:20:5-80
26-->[:unityLibrary] AndroidManifest.xml:20:22-77
27
28    <uses-feature
28-->[:unityLibrary] AndroidManifest.xml:22:5-24:36
29        android:name="android.hardware.microphone"
29-->[:unityLibrary] AndroidManifest.xml:23:9-51
30        android:required="false" />
30-->[:unityLibrary] AndroidManifest.xml:24:9-33
31    <uses-feature
31-->[:unityLibrary] AndroidManifest.xml:25:5-27:36
32        android:name="android.hardware.touchscreen"
32-->[:unityLibrary] AndroidManifest.xml:26:9-52
33        android:required="false" />
33-->[:unityLibrary] AndroidManifest.xml:27:9-33
34    <uses-feature
34-->[:unityLibrary] AndroidManifest.xml:28:5-30:36
35        android:name="android.hardware.touchscreen.multitouch"
35-->[:unityLibrary] AndroidManifest.xml:29:9-63
36        android:required="false" />
36-->[:unityLibrary] AndroidManifest.xml:30:9-33
37    <uses-feature
37-->[:unityLibrary] AndroidManifest.xml:31:5-33:36
38        android:name="android.hardware.touchscreen.multitouch.distinct"
38-->[:unityLibrary] AndroidManifest.xml:32:9-72
39        android:required="false" />
39-->[:unityLibrary] AndroidManifest.xml:33:9-33
40    <uses-feature
40-->[:unityLibrary] AndroidManifest.xml:34:5-37:31
41        android:name="android.hardware.vr.headtracking"
41-->[:unityLibrary] AndroidManifest.xml:35:9-56
42        android:required="true"
42-->[:unityLibrary] AndroidManifest.xml:36:9-32
43        android:version="1" />
43-->[:unityLibrary] AndroidManifest.xml:37:9-28
44    <uses-feature
44-->[:unityLibrary] AndroidManifest.xml:38:5-40:36
45        android:name="oculus.software.handtracking"
45-->[:unityLibrary] AndroidManifest.xml:39:9-52
46        android:required="false" />
46-->[:unityLibrary] AndroidManifest.xml:40:9-33
47
48    <uses-permission android:name="com.oculus.permission.HAND_TRACKING" />
48-->[:unityLibrary] AndroidManifest.xml:42:5-75
48-->[:unityLibrary] AndroidManifest.xml:42:22-72
49
50    <uses-feature
50-->[:unityLibrary] AndroidManifest.xml:44:5-46:35
51        android:name="com.oculus.experimental.enabled"
51-->[:unityLibrary] AndroidManifest.xml:45:9-55
52        android:required="true" />
52-->[:unityLibrary] AndroidManifest.xml:46:9-32
53
54    <uses-permission android:name="com.oculus.permission.USE_ANCHOR_API" />
54-->[:unityLibrary] AndroidManifest.xml:48:5-76
54-->[:unityLibrary] AndroidManifest.xml:48:22-73
55
56    <uses-feature
56-->[:unityLibrary] AndroidManifest.xml:50:5-52:35
57        android:name="com.oculus.feature.PASSTHROUGH"
57-->[:unityLibrary] AndroidManifest.xml:51:9-54
58        android:required="true" />
58-->[:unityLibrary] AndroidManifest.xml:52:9-32
59    <uses-feature android:name="com.oculus.feature.RENDER_MODEL" />
59-->[:unityLibrary] AndroidManifest.xml:53:5-68
59-->[:unityLibrary] AndroidManifest.xml:53:19-65
60
61    <uses-permission android:name="com.oculus.permission.RENDER_MODEL" />
61-->[:unityLibrary] AndroidManifest.xml:55:5-74
61-->[:unityLibrary] AndroidManifest.xml:55:22-71
62
63    <uses-feature
63-->[:unityLibrary] AndroidManifest.xml:57:5-59:36
64        android:name="oculus.software.trackedkeyboard"
64-->[:unityLibrary] AndroidManifest.xml:58:9-55
65        android:required="false" />
65-->[:unityLibrary] AndroidManifest.xml:59:9-33
66
67    <uses-permission android:name="com.oculus.permission.TRACKED_KEYBOARD" />
67-->[:unityLibrary] AndroidManifest.xml:61:5-78
67-->[:unityLibrary] AndroidManifest.xml:61:22-75
68
69    <application
69-->src\main\AndroidManifest.xml:4:3-83
70        android:allowBackup="false"
70-->[:unityLibrary] AndroidManifest.xml:64:9-36
71        android:extractNativeLibs="true"
71-->[:unityLibrary] AndroidManifest.xml:65:9-41
72        android:icon="@mipmap/app_icon"
72-->src\main\AndroidManifest.xml:4:49-80
73        android:label="@string/app_name"
73-->src\main\AndroidManifest.xml:4:16-48
74        android:networkSecurityConfig="@xml/network_sec_config" >
74-->[:unityLibrary] AndroidManifest.xml:68:9-64
75        <activity
75-->[:unityLibrary] AndroidManifest.xml:69:9-93:20
76            android:name="com.unity3d.player.UnityPlayerActivity"
76-->[:unityLibrary] AndroidManifest.xml:70:13-66
77            android:configChanges="keyboard|keyboardHidden|navigation|orientation|screenLayout|screenSize|uiMode"
77-->[:unityLibrary] AndroidManifest.xml:71:13-114
78            android:hardwareAccelerated="false"
78-->[:unityLibrary] AndroidManifest.xml:72:13-48
79            android:launchMode="singleTask"
79-->[:unityLibrary] AndroidManifest.xml:73:13-44
80            android:resizeableActivity="false"
80-->[:unityLibrary] AndroidManifest.xml:74:13-47
81            android:screenOrientation="landscape"
81-->[:unityLibrary] AndroidManifest.xml:75:13-50
82            android:theme="@android:style/Theme.Black.NoTitleBar.Fullscreen" >
82-->[:unityLibrary] AndroidManifest.xml:76:13-77
83            <intent-filter>
83-->[:unityLibrary] AndroidManifest.xml:77:13-82:29
84                <action android:name="android.intent.action.MAIN" />
84-->[:unityLibrary] AndroidManifest.xml:78:17-69
84-->[:unityLibrary] AndroidManifest.xml:78:25-66
85
86                <category android:name="android.intent.category.LAUNCHER" />
86-->[:unityLibrary] AndroidManifest.xml:80:17-77
86-->[:unityLibrary] AndroidManifest.xml:80:27-74
87                <category android:name="com.oculus.intent.category.VR" />
87-->[:unityLibrary] AndroidManifest.xml:81:17-74
87-->[:unityLibrary] AndroidManifest.xml:81:27-71
88            </intent-filter>
89
90            <meta-data
90-->[:unityLibrary] AndroidManifest.xml:84:13-86:40
91                android:name="unityplayer.UnityActivity"
91-->[:unityLibrary] AndroidManifest.xml:85:17-57
92                android:value="true" />
92-->[:unityLibrary] AndroidManifest.xml:86:17-37
93            <meta-data
93-->[:unityLibrary] AndroidManifest.xml:87:13-89:40
94                android:name="android.notch_support"
94-->[:unityLibrary] AndroidManifest.xml:88:17-53
95                android:value="true" />
95-->[:unityLibrary] AndroidManifest.xml:89:17-37
96            <meta-data
96-->[:unityLibrary] AndroidManifest.xml:90:13-92:40
97                android:name="com.oculus.vr.focusaware"
97-->[:unityLibrary] AndroidManifest.xml:91:17-56
98                android:value="true" />
98-->[:unityLibrary] AndroidManifest.xml:92:17-37
99        </activity>
100
101        <meta-data
101-->[:unityLibrary] AndroidManifest.xml:95:9-97:33
102            android:name="unity.splash-mode"
102-->[:unityLibrary] AndroidManifest.xml:96:13-45
103            android:value="0" />
103-->[:unityLibrary] AndroidManifest.xml:97:13-30
104        <meta-data
104-->[:unityLibrary] AndroidManifest.xml:98:9-100:36
105            android:name="unity.splash-enable"
105-->[:unityLibrary] AndroidManifest.xml:99:13-47
106            android:value="True" />
106-->[:unityLibrary] AndroidManifest.xml:100:13-33
107        <meta-data
107-->[:unityLibrary] AndroidManifest.xml:101:9-103:36
108            android:name="unity.launch-fullscreen"
108-->[:unityLibrary] AndroidManifest.xml:102:13-51
109            android:value="True" />
109-->[:unityLibrary] AndroidManifest.xml:103:13-33
110        <meta-data
110-->[:unityLibrary] AndroidManifest.xml:104:9-106:37
111            android:name="unity.allow-resizable-window"
111-->[:unityLibrary] AndroidManifest.xml:105:13-56
112            android:value="False" />
112-->[:unityLibrary] AndroidManifest.xml:106:13-34
113        <meta-data
113-->[:unityLibrary] AndroidManifest.xml:107:9-109:50
114            android:name="notch.config"
114-->[:unityLibrary] AndroidManifest.xml:108:13-40
115            android:value="portrait|landscape" />
115-->[:unityLibrary] AndroidManifest.xml:109:13-47
116        <meta-data
116-->[:unityLibrary] AndroidManifest.xml:110:9-112:35
117            android:name="com.oculus.handtracking.frequency"
117-->[:unityLibrary] AndroidManifest.xml:111:13-61
118            android:value="LOW" />
118-->[:unityLibrary] AndroidManifest.xml:112:13-32
119        <meta-data
119-->[:unityLibrary] AndroidManifest.xml:113:9-115:36
120            android:name="com.oculus.handtracking.version"
120-->[:unityLibrary] AndroidManifest.xml:114:13-59
121            android:value="V2.0" />
121-->[:unityLibrary] AndroidManifest.xml:115:13-33
122        <meta-data
122-->[:unityLibrary] AndroidManifest.xml:116:9-118:39
123            android:name="com.samsung.android.vr.application.mode"
123-->[:unityLibrary] AndroidManifest.xml:117:13-67
124            android:value="vr_only" />
124-->[:unityLibrary] AndroidManifest.xml:118:13-36
125        <meta-data
125-->[:unityLibrary] AndroidManifest.xml:119:9-121:37
126            android:name="com.unity.xr.oculus.LowOverheadMode"
126-->[:unityLibrary] AndroidManifest.xml:120:13-63
127            android:value="false" />
127-->[:unityLibrary] AndroidManifest.xml:121:13-34
128        <meta-data
128-->[:unityLibrary] AndroidManifest.xml:122:9-124:37
129            android:name="com.unity.xr.oculus.LateLatching"
129-->[:unityLibrary] AndroidManifest.xml:123:13-60
130            android:value="false" />
130-->[:unityLibrary] AndroidManifest.xml:124:13-34
131        <meta-data
131-->[:unityLibrary] AndroidManifest.xml:125:9-127:37
132            android:name="com.unity.xr.oculus.LateLatchingDebug"
132-->[:unityLibrary] AndroidManifest.xml:126:13-65
133            android:value="false" />
133-->[:unityLibrary] AndroidManifest.xml:127:13-34
134        <meta-data
134-->[:unityLibrary] AndroidManifest.xml:128:9-130:44
135            android:name="com.oculus.supportedDevices"
135-->[:unityLibrary] AndroidManifest.xml:129:13-55
136            android:value="quest|quest2" />
136-->[:unityLibrary] AndroidManifest.xml:130:13-41
137    </application>
138
139</manifest>